CRITICAL - 2022-07-02 03:20:26 --> Class 'App\Models\LaporanModel' not found
#0 C:\xampp\htdocs\UASciFara\ci4\system\CodeIgniter.php(832): App\Controllers\Laporan->index()
#1 C:\xampp\htdocs\UASciFara\ci4\system\CodeIgniter.php(419): CodeIgniter\CodeIgniter->runController(Object(App\Controllers\Laporan))
#2 C:\xampp\htdocs\UASciFara\ci4\system\CodeIgniter.php(326): CodeIgniter\CodeIgniter->handleRequest(NULL, Object(Config\Cache), false)
#3 C:\xampp\htdocs\UASciFara\ci4\public\index.php(37): CodeIgniter\CodeIgniter->run()
#4 C:\xampp\htdocs\UASciFara\ci4\system\Commands\Server\rewrite.php(43): require_once('C:\\xampp\\htdocs...')
#5 {main}
CRITICAL - 2022-07-02 03:20:44 --> Class 'App\Models\LaporanModel' not found
#0 C:\xampp\htdocs\UASciFara\ci4\system\CodeIgniter.php(832): App\Controllers\Laporan->index()
#1 C:\xampp\htdocs\UASciFara\ci4\system\CodeIgniter.php(419): CodeIgniter\CodeIgniter->runController(Object(App\Controllers\Laporan))
#2 C:\xampp\htdocs\UASciFara\ci4\system\CodeIgniter.php(326): CodeIgniter\CodeIgniter->handleRequest(NULL, Object(Config\Cache), false)
#3 C:\xampp\htdocs\UASciFara\ci4\public\index.php(37): CodeIgniter\CodeIgniter->run()
#4 C:\xampp\htdocs\UASciFara\ci4\system\Commands\Server\rewrite.php(43): require_once('C:\\xampp\\htdocs...')
#5 {main}
CRITICAL - 2022-07-02 03:48:36 --> Class 'App\Models\LaporanModel' not found
#0 C:\xampp\htdocs\UASciFara\ci4\system\CodeIgniter.php(832): App\Controllers\Laporan->index()
#1 C:\xampp\htdocs\UASciFara\ci4\system\CodeIgniter.php(419): CodeIgniter\CodeIgniter->runController(Object(App\Controllers\Laporan))
#2 C:\xampp\htdocs\UASciFara\ci4\system\CodeIgniter.php(326): CodeIgniter\CodeIgniter->handleRequest(NULL, Object(Config\Cache), false)
#3 C:\xampp\htdocs\UASciFara\ci4\public\index.php(37): CodeIgniter\CodeIgniter->run()
#4 C:\xampp\htdocs\UASciFara\ci4\system\Commands\Server\rewrite.php(43): require_once('C:\\xampp\\htdocs...')
#5 {main}
CRITICAL - 2022-07-02 03:51:41 --> Invalid file: laporan/laporan.php
#0 C:\xampp\htdocs\UASciFara\ci4\system\View\View.php(198): CodeIgniter\Exceptions\FrameworkException::forInvalidFile('laporan/laporan...')
#1 C:\xampp\htdocs\UASciFara\ci4\system\Common.php(1089): CodeIgniter\View\View->render('laporan/laporan...', Array, true)
#2 C:\xampp\htdocs\UASciFara\ci4\app\Controllers\Laporan.php(13): view('laporan/laporan...', Array)
#3 C:\xampp\htdocs\UASciFara\ci4\system\CodeIgniter.php(832): App\Controllers\Laporan->index()
#4 C:\xampp\htdocs\UASciFara\ci4\system\CodeIgniter.php(419): CodeIgniter\CodeIgniter->runController(Object(App\Controllers\Laporan))
#5 C:\xampp\htdocs\UASciFara\ci4\system\CodeIgniter.php(326): CodeIgniter\CodeIgniter->handleRequest(NULL, Object(Config\Cache), false)
#6 C:\xampp\htdocs\UASciFara\ci4\public\index.php(37): CodeIgniter\CodeIgniter->run()
#7 C:\xampp\htdocs\UASciFara\ci4\system\Commands\Server\rewrite.php(43): require_once('C:\\xampp\\htdocs...')
#8 {main}
CRITICAL - 2022-07-02 04:40:35 --> Invalid file: user/login.php
#0 C:\xampp\htdocs\UASciFara\ci4\system\View\View.php(198): CodeIgniter\Exceptions\FrameworkException::forInvalidFile('user/login.php')
#1 C:\xampp\htdocs\UASciFara\ci4\system\Common.php(1089): CodeIgniter\View\View->render('user/login', Array, true)
#2 C:\xampp\htdocs\UASciFara\ci4\app\Controllers\user.php(24): view('user/login')
#3 C:\xampp\htdocs\UASciFara\ci4\system\CodeIgniter.php(832): App\Controllers\User->login()
#4 C:\xampp\htdocs\UASciFara\ci4\system\CodeIgniter.php(419): CodeIgniter\CodeIgniter->runController(Object(App\Controllers\User))
#5 C:\xampp\htdocs\UASciFara\ci4\system\CodeIgniter.php(326): CodeIgniter\CodeIgniter->handleRequest(NULL, Object(Config\Cache), false)
#6 C:\xampp\htdocs\UASciFara\ci4\public\index.php(37): CodeIgniter\CodeIgniter->run()
#7 C:\xampp\htdocs\UASciFara\ci4\system\Commands\Server\rewrite.php(43): require_once('C:\\xampp\\htdocs...')
#8 {main}
CRITICAL - 2022-07-02 04:41:42 --> Invalid file: user/login.php
#0 C:\xampp\htdocs\UASciFara\ci4\system\View\View.php(198): CodeIgniter\Exceptions\FrameworkException::forInvalidFile('user/login.php')
#1 C:\xampp\htdocs\UASciFara\ci4\system\Common.php(1089): CodeIgniter\View\View->render('user/login', Array, true)
#2 C:\xampp\htdocs\UASciFara\ci4\app\Controllers\user.php(24): view('user/login')
#3 C:\xampp\htdocs\UASciFara\ci4\system\CodeIgniter.php(832): App\Controllers\User->login()
#4 C:\xampp\htdocs\UASciFara\ci4\system\CodeIgniter.php(419): CodeIgniter\CodeIgniter->runController(Object(App\Controllers\User))
#5 C:\xampp\htdocs\UASciFara\ci4\system\CodeIgniter.php(326): CodeIgniter\CodeIgniter->handleRequest(NULL, Object(Config\Cache), false)
#6 C:\xampp\htdocs\UASciFara\ci4\public\index.php(37): CodeIgniter\CodeIgniter->run()
#7 C:\xampp\htdocs\UASciFara\ci4\system\Commands\Server\rewrite.php(43): require_once('C:\\xampp\\htdocs...')
#8 {main}
ERROR - 2022-07-02 05:16:20 --> Duplicate entry '0' for key 'PRIMARY'
