ERROR - 2022-07-03 06:30:59 --> Error connecting to the database: Unknown database 'fara'
CRITICAL - 2022-07-03 06:30:59 --> Unable to connect to the database.
Main connection [MySQLi]: Unknown database 'fara'
#0 C:\xampp\htdocs\UASfara\ci4\system\Database\Database.php(67): CodeIgniter\Database\BaseConnection->initialize()
#1 C:\xampp\htdocs\UASfara\ci4\system\Database\Config.php(105): CodeIgniter\Database\Database->loadForge(Object(CodeIgniter\Database\MySQLi\Connection))
#2 C:\xampp\htdocs\UASfara\ci4\system\Database\Seeder.php(98): CodeIgniter\Database\Config::forge(NULL)
#3 C:\xampp\htdocs\UASfara\ci4\system\Commands\Database\Seed.php(69): CodeIgniter\Database\Seeder->__construct(Object(Config\Database))
#4 C:\xampp\htdocs\UASfara\ci4\system\CLI\Commands.php(63): CodeIgniter\Commands\Database\Seed->run(Array)
#5 C:\xampp\htdocs\UASfara\ci4\system\CLI\CommandRunner.php(70): CodeIgniter\CLI\Commands->run('db:seed', Array)
#6 C:\xampp\htdocs\UASfara\ci4\system\CLI\CommandRunner.php(56): CodeIgniter\CLI\CommandRunner->index(Array)
#7 C:\xampp\htdocs\UASfara\ci4\system\CodeIgniter.php(830): CodeIgniter\CLI\CommandRunner->_remap('index', 'db:seed', 'UserSeeder')
#8 C:\xampp\htdocs\UASfara\ci4\system\CodeIgniter.php(419): CodeIgniter\CodeIgniter->runController(Object(CodeIgniter\CLI\CommandRunner))
#9 C:\xampp\htdocs\UASfara\ci4\system\CodeIgniter.php(326): CodeIgniter\CodeIgniter->handleRequest(NULL, Object(Config\Cache), false)
#10 C:\xampp\htdocs\UASfara\ci4\system\CLI\Console.php(48): CodeIgniter\CodeIgniter->run()
#11 C:\xampp\htdocs\UASfara\ci4\spark(63): CodeIgniter\CLI\Console->run()
#12 {main}
ERROR - 2022-07-03 06:31:28 --> Error connecting to the database: Unknown database 'fara'
CRITICAL - 2022-07-03 06:31:28 --> Unable to connect to the database.
Main connection [MySQLi]: Unknown database 'fara'
#0 C:\xampp\htdocs\UASfara\ci4\system\Database\BaseConnection.php(577): CodeIgniter\Database\BaseConnection->initialize()
#1 C:\xampp\htdocs\UASfara\ci4\system\Database\BaseBuilder.php(1455): CodeIgniter\Database\BaseConnection->query('SELECT *\nFROM `...', Array, false)
#2 C:\xampp\htdocs\UASfara\ci4\system\Model.php(183): CodeIgniter\Database\BaseBuilder->get()
#3 C:\xampp\htdocs\UASfara\ci4\system\BaseModel.php(584): CodeIgniter\Model->doFindAll(0, 0)
#4 C:\xampp\htdocs\UASfara\ci4\app\Controllers\Data_Warga.php(13): CodeIgniter\BaseModel->findAll()
#5 C:\xampp\htdocs\UASfara\ci4\system\CodeIgniter.php(832): App\Controllers\Data_Warga->index()
#6 C:\xampp\htdocs\UASfara\ci4\system\CodeIgniter.php(419): CodeIgniter\CodeIgniter->runController(Object(App\Controllers\Data_Warga))
#7 C:\xampp\htdocs\UASfara\ci4\system\CodeIgniter.php(326): CodeIgniter\CodeIgniter->handleRequest(NULL, Object(Config\Cache), false)
#8 C:\xampp\htdocs\UASfara\ci4\public\index.php(37): CodeIgniter\CodeIgniter->run()
#9 C:\xampp\htdocs\UASfara\ci4\system\Commands\Server\rewrite.php(43): require_once('C:\\xampp\\htdocs...')
#10 {main}
CRITICAL - 2022-07-03 06:42:45 --> Invalid file: rt/form_edit.php
#0 C:\xampp\htdocs\UASfara\ci4\system\View\View.php(198): CodeIgniter\Exceptions\FrameworkException::forInvalidFile('rt/form_edit.ph...')
#1 C:\xampp\htdocs\UASfara\ci4\system\Common.php(1089): CodeIgniter\View\View->render('rt/form_edit', Array, true)
#2 C:\xampp\htdocs\UASfara\ci4\app\Controllers\Data_Warga.php(72): view('rt/form_edit', Array)
#3 C:\xampp\htdocs\UASfara\ci4\system\CodeIgniter.php(832): App\Controllers\Data_Warga->edit('2')
#4 C:\xampp\htdocs\UASfara\ci4\system\CodeIgniter.php(419): CodeIgniter\CodeIgniter->runController(Object(App\Controllers\Data_Warga))
#5 C:\xampp\htdocs\UASfara\ci4\system\CodeIgniter.php(326): CodeIgniter\CodeIgniter->handleRequest(NULL, Object(Config\Cache), false)
#6 C:\xampp\htdocs\UASfara\ci4\public\index.php(37): CodeIgniter\CodeIgniter->run()
#7 C:\xampp\htdocs\UASfara\ci4\system\Commands\Server\rewrite.php(43): require_once('C:\\xampp\\htdocs...')
#8 {main}
ERROR - 2022-07-03 08:14:12 --> Column 'status' cannot be null
CRITICAL - 2022-07-03 08:14:12 --> Column 'status' cannot be null
#0 C:\xampp\htdocs\UASfara\ci4\system\Database\MySQLi\Connection.php(292): mysqli->query('INSERT INTO `wa...', 0)
#1 C:\xampp\htdocs\UASfara\ci4\system\Database\BaseConnection.php(670): CodeIgniter\Database\MySQLi\Connection->execute('INSERT INTO `wa...')
#2 C:\xampp\htdocs\UASfara\ci4\system\Database\BaseConnection.php(598): CodeIgniter\Database\BaseConnection->simpleQuery('INSERT INTO `wa...')
#3 C:\xampp\htdocs\UASfara\ci4\system\Database\BaseBuilder.php(1771): CodeIgniter\Database\BaseConnection->query('INSERT INTO `wa...', Array, false)
#4 C:\xampp\htdocs\UASfara\ci4\system\Model.php(239): CodeIgniter\Database\BaseBuilder->insert()
#5 C:\xampp\htdocs\UASfara\ci4\system\BaseModel.php(738): CodeIgniter\Model->doInsert(Array)
#6 C:\xampp\htdocs\UASfara\ci4\system\Model.php(625): CodeIgniter\BaseModel->insert(Array, true)
#7 C:\xampp\htdocs\UASfara\ci4\app\Controllers\Data_Warga.php(41): CodeIgniter\Model->insert(Array)
#8 C:\xampp\htdocs\UASfara\ci4\system\CodeIgniter.php(832): App\Controllers\Data_Warga->add()
#9 C:\xampp\htdocs\UASfara\ci4\system\CodeIgniter.php(419): CodeIgniter\CodeIgniter->runController(Object(App\Controllers\Data_Warga))
#10 C:\xampp\htdocs\UASfara\ci4\system\CodeIgniter.php(326): CodeIgniter\CodeIgniter->handleRequest(NULL, Object(Config\Cache), false)
#11 C:\xampp\htdocs\UASfara\ci4\public\index.php(37): CodeIgniter\CodeIgniter->run()
#12 C:\xampp\htdocs\UASfara\ci4\system\Commands\Server\rewrite.php(43): require_once('C:\\xampp\\htdocs...')
#13 {main}
CRITICAL - 2022-07-03 23:48:46 --> Invalid file: rt/form_edit.php
#0 C:\xampp\htdocs\UASfara\ci4\system\View\View.php(198): CodeIgniter\Exceptions\FrameworkException::forInvalidFile('rt/form_edit.ph...')
#1 C:\xampp\htdocs\UASfara\ci4\system\Common.php(1089): CodeIgniter\View\View->render('rt/form_edit', Array, true)
#2 C:\xampp\htdocs\UASfara\ci4\app\Controllers\Data_Warga.php(72): view('rt/form_edit', Array)
#3 C:\xampp\htdocs\UASfara\ci4\system\CodeIgniter.php(832): App\Controllers\Data_Warga->edit('1')
#4 C:\xampp\htdocs\UASfara\ci4\system\CodeIgniter.php(419): CodeIgniter\CodeIgniter->runController(Object(App\Controllers\Data_Warga))
#5 C:\xampp\htdocs\UASfara\ci4\system\CodeIgniter.php(326): CodeIgniter\CodeIgniter->handleRequest(NULL, Object(Config\Cache), false)
#6 C:\xampp\htdocs\UASfara\ci4\public\index.php(37): CodeIgniter\CodeIgniter->run()
#7 C:\xampp\htdocs\UASfara\ci4\system\Commands\Server\rewrite.php(43): require_once('C:\\xampp\\htdocs...')
#8 {main}
CRITICAL - 2022-07-03 23:50:19 --> Invalid file: rt/form_edit.php
#0 C:\xampp\htdocs\UASfara\ci4\system\View\View.php(198): CodeIgniter\Exceptions\FrameworkException::forInvalidFile('rt/form_edit.ph...')
#1 C:\xampp\htdocs\UASfara\ci4\system\Common.php(1089): CodeIgniter\View\View->render('rt/form_edit', Array, true)
#2 C:\xampp\htdocs\UASfara\ci4\app\Controllers\Data_Warga.php(72): view('rt/form_edit', Array)
#3 C:\xampp\htdocs\UASfara\ci4\system\CodeIgniter.php(832): App\Controllers\Data_Warga->edit('2')
#4 C:\xampp\htdocs\UASfara\ci4\system\CodeIgniter.php(419): CodeIgniter\CodeIgniter->runController(Object(App\Controllers\Data_Warga))
#5 C:\xampp\htdocs\UASfara\ci4\system\CodeIgniter.php(326): CodeIgniter\CodeIgniter->handleRequest(NULL, Object(Config\Cache), false)
#6 C:\xampp\htdocs\UASfara\ci4\public\index.php(37): CodeIgniter\CodeIgniter->run()
#7 C:\xampp\htdocs\UASfara\ci4\system\Commands\Server\rewrite.php(43): require_once('C:\\xampp\\htdocs...')
#8 {main}
ERROR - 2022-07-03 23:52:56 --> Column 'status' cannot be null
CRITICAL - 2022-07-03 23:52:56 --> Column 'status' cannot be null
#0 C:\xampp\htdocs\UASfara\ci4\system\Database\MySQLi\Connection.php(292): mysqli->query('INSERT INTO `wa...', 0)
#1 C:\xampp\htdocs\UASfara\ci4\system\Database\BaseConnection.php(670): CodeIgniter\Database\MySQLi\Connection->execute('INSERT INTO `wa...')
#2 C:\xampp\htdocs\UASfara\ci4\system\Database\BaseConnection.php(598): CodeIgniter\Database\BaseConnection->simpleQuery('INSERT INTO `wa...')
#3 C:\xampp\htdocs\UASfara\ci4\system\Database\BaseBuilder.php(1771): CodeIgniter\Database\BaseConnection->query('INSERT INTO `wa...', Array, false)
#4 C:\xampp\htdocs\UASfara\ci4\system\Model.php(239): CodeIgniter\Database\BaseBuilder->insert()
#5 C:\xampp\htdocs\UASfara\ci4\system\BaseModel.php(738): CodeIgniter\Model->doInsert(Array)
#6 C:\xampp\htdocs\UASfara\ci4\system\Model.php(625): CodeIgniter\BaseModel->insert(Array, true)
#7 C:\xampp\htdocs\UASfara\ci4\app\Controllers\Data_Warga.php(41): CodeIgniter\Model->insert(Array)
#8 C:\xampp\htdocs\UASfara\ci4\system\CodeIgniter.php(832): App\Controllers\Data_Warga->add()
#9 C:\xampp\htdocs\UASfara\ci4\system\CodeIgniter.php(419): CodeIgniter\CodeIgniter->runController(Object(App\Controllers\Data_Warga))
#10 C:\xampp\htdocs\UASfara\ci4\system\CodeIgniter.php(326): CodeIgniter\CodeIgniter->handleRequest(NULL, Object(Config\Cache), false)
#11 C:\xampp\htdocs\UASfara\ci4\public\index.php(37): CodeIgniter\CodeIgniter->run()
#12 C:\xampp\htdocs\UASfara\ci4\system\Commands\Server\rewrite.php(43): require_once('C:\\xampp\\htdocs...')
#13 {main}
