CRITICAL - 2022-07-01 03:40:42 --> Class 'App\Models\RtModel' not found
#0 C:\xampp\htdocs\UASciFara\ci4\system\CodeIgniter.php(832): App\Controllers\Data_Warga->index()
#1 C:\xampp\htdocs\UASciFara\ci4\system\CodeIgniter.php(419): CodeIgniter\CodeIgniter->runController(Object(App\Controllers\Data_Warga))
#2 C:\xampp\htdocs\UASciFara\ci4\system\CodeIgniter.php(326): CodeIgniter\CodeIgniter->handleRequest(NULL, Object(Config\Cache), false)
#3 C:\xampp\htdocs\UASciFara\ci4\public\index.php(37): CodeIgniter\CodeIgniter->run()
#4 C:\xampp\htdocs\UASciFara\ci4\system\Commands\Server\rewrite.php(43): require_once('C:\\xampp\\htdocs...')
#5 {main}
CRITICAL - 2022-07-01 03:40:44 --> Class 'App\Models\RtModel' not found
#0 C:\xampp\htdocs\UASciFara\ci4\system\CodeIgniter.php(832): App\Controllers\Data_Warga->index()
#1 C:\xampp\htdocs\UASciFara\ci4\system\CodeIgniter.php(419): CodeIgniter\CodeIgniter->runController(Object(App\Controllers\Data_Warga))
#2 C:\xampp\htdocs\UASciFara\ci4\system\CodeIgniter.php(326): CodeIgniter\CodeIgniter->handleRequest(NULL, Object(Config\Cache), false)
#3 C:\xampp\htdocs\UASciFara\ci4\public\index.php(37): CodeIgniter\CodeIgniter->run()
#4 C:\xampp\htdocs\UASciFara\ci4\system\Commands\Server\rewrite.php(43): require_once('C:\\xampp\\htdocs...')
#5 {main}
CRITICAL - 2022-07-01 03:40:48 --> Class 'App\Models\RtModel' not found
#0 C:\xampp\htdocs\UASciFara\ci4\system\CodeIgniter.php(832): App\Controllers\Data_Warga->index()
#1 C:\xampp\htdocs\UASciFara\ci4\system\CodeIgniter.php(419): CodeIgniter\CodeIgniter->runController(Object(App\Controllers\Data_Warga))
#2 C:\xampp\htdocs\UASciFara\ci4\system\CodeIgniter.php(326): CodeIgniter\CodeIgniter->handleRequest(NULL, Object(Config\Cache), false)
#3 C:\xampp\htdocs\UASciFara\ci4\public\index.php(37): CodeIgniter\CodeIgniter->run()
#4 C:\xampp\htdocs\UASciFara\ci4\system\Commands\Server\rewrite.php(43): require_once('C:\\xampp\\htdocs...')
#5 {main}
CRITICAL - 2022-07-01 03:41:00 --> Class 'App\Models\RtModel' not found
#0 C:\xampp\htdocs\UASciFara\ci4\system\CodeIgniter.php(832): App\Controllers\Data_Warga->index()
#1 C:\xampp\htdocs\UASciFara\ci4\system\CodeIgniter.php(419): CodeIgniter\CodeIgniter->runController(Object(App\Controllers\Data_Warga))
#2 C:\xampp\htdocs\UASciFara\ci4\system\CodeIgniter.php(326): CodeIgniter\CodeIgniter->handleRequest(NULL, Object(Config\Cache), false)
#3 C:\xampp\htdocs\UASciFara\ci4\public\index.php(37): CodeIgniter\CodeIgniter->run()
#4 C:\xampp\htdocs\UASciFara\ci4\system\Commands\Server\rewrite.php(43): require_once('C:\\xampp\\htdocs...')
#5 {main}
ERROR - 2022-07-01 03:47:47 --> Error connecting to the database: Access denied for user ''@'localhost' (using password: NO)
CRITICAL - 2022-07-01 03:47:47 --> Unable to connect to the database.
Main connection [MySQLi]: Access denied for user ''@'localhost' (using password: NO)
#0 C:\xampp\htdocs\UASciFara\ci4\system\Database\BaseConnection.php(577): CodeIgniter\Database\BaseConnection->initialize()
#1 C:\xampp\htdocs\UASciFara\ci4\system\Database\BaseBuilder.php(1455): CodeIgniter\Database\BaseConnection->query('SELECT *\nFROM `...', Array, false)
#2 C:\xampp\htdocs\UASciFara\ci4\system\Model.php(183): CodeIgniter\Database\BaseBuilder->get()
#3 C:\xampp\htdocs\UASciFara\ci4\system\BaseModel.php(584): CodeIgniter\Model->doFindAll(0, 0)
#4 C:\xampp\htdocs\UASciFara\ci4\app\Controllers\Data_Warga.php(13): CodeIgniter\BaseModel->findAll()
#5 C:\xampp\htdocs\UASciFara\ci4\system\CodeIgniter.php(832): App\Controllers\Data_Warga->index()
#6 C:\xampp\htdocs\UASciFara\ci4\system\CodeIgniter.php(419): CodeIgniter\CodeIgniter->runController(Object(App\Controllers\Data_Warga))
#7 C:\xampp\htdocs\UASciFara\ci4\system\CodeIgniter.php(326): CodeIgniter\CodeIgniter->handleRequest(NULL, Object(Config\Cache), false)
#8 C:\xampp\htdocs\UASciFara\ci4\public\index.php(37): CodeIgniter\CodeIgniter->run()
#9 C:\xampp\htdocs\UASciFara\ci4\system\Commands\Server\rewrite.php(43): require_once('C:\\xampp\\htdocs...')
#10 {main}
ERROR - 2022-07-01 04:03:08 --> Error connecting to the database: Access denied for user ''@'localhost' (using password: NO)
CRITICAL - 2022-07-01 04:03:08 --> Unable to connect to the database.
Main connection [MySQLi]: Access denied for user ''@'localhost' (using password: NO)
#0 C:\xampp\htdocs\UASciFara\ci4\system\Database\BaseConnection.php(577): CodeIgniter\Database\BaseConnection->initialize()
#1 C:\xampp\htdocs\UASciFara\ci4\system\Database\BaseBuilder.php(1455): CodeIgniter\Database\BaseConnection->query('SELECT *\nFROM `...', Array, false)
#2 C:\xampp\htdocs\UASciFara\ci4\system\Model.php(183): CodeIgniter\Database\BaseBuilder->get()
#3 C:\xampp\htdocs\UASciFara\ci4\system\BaseModel.php(584): CodeIgniter\Model->doFindAll(0, 0)
#4 C:\xampp\htdocs\UASciFara\ci4\app\Controllers\Data_Warga.php(13): CodeIgniter\BaseModel->findAll()
#5 C:\xampp\htdocs\UASciFara\ci4\system\CodeIgniter.php(832): App\Controllers\Data_Warga->index()
#6 C:\xampp\htdocs\UASciFara\ci4\system\CodeIgniter.php(419): CodeIgniter\CodeIgniter->runController(Object(App\Controllers\Data_Warga))
#7 C:\xampp\htdocs\UASciFara\ci4\system\CodeIgniter.php(326): CodeIgniter\CodeIgniter->handleRequest(NULL, Object(Config\Cache), false)
#8 C:\xampp\htdocs\UASciFara\ci4\public\index.php(37): CodeIgniter\CodeIgniter->run()
#9 C:\xampp\htdocs\UASciFara\ci4\system\Commands\Server\rewrite.php(43): require_once('C:\\xampp\\htdocs...')
#10 {main}
ERROR - 2022-07-01 04:03:11 --> Error connecting to the database: Access denied for user ''@'localhost' (using password: NO)
CRITICAL - 2022-07-01 04:03:11 --> Unable to connect to the database.
Main connection [MySQLi]: Access denied for user ''@'localhost' (using password: NO)
#0 C:\xampp\htdocs\UASciFara\ci4\system\Database\BaseConnection.php(577): CodeIgniter\Database\BaseConnection->initialize()
#1 C:\xampp\htdocs\UASciFara\ci4\system\Database\BaseBuilder.php(1455): CodeIgniter\Database\BaseConnection->query('SELECT *\nFROM `...', Array, false)
#2 C:\xampp\htdocs\UASciFara\ci4\system\Model.php(183): CodeIgniter\Database\BaseBuilder->get()
#3 C:\xampp\htdocs\UASciFara\ci4\system\BaseModel.php(584): CodeIgniter\Model->doFindAll(0, 0)
#4 C:\xampp\htdocs\UASciFara\ci4\app\Controllers\Data_Warga.php(13): CodeIgniter\BaseModel->findAll()
#5 C:\xampp\htdocs\UASciFara\ci4\system\CodeIgniter.php(832): App\Controllers\Data_Warga->index()
#6 C:\xampp\htdocs\UASciFara\ci4\system\CodeIgniter.php(419): CodeIgniter\CodeIgniter->runController(Object(App\Controllers\Data_Warga))
#7 C:\xampp\htdocs\UASciFara\ci4\system\CodeIgniter.php(326): CodeIgniter\CodeIgniter->handleRequest(NULL, Object(Config\Cache), false)
#8 C:\xampp\htdocs\UASciFara\ci4\public\index.php(37): CodeIgniter\CodeIgniter->run()
#9 C:\xampp\htdocs\UASciFara\ci4\system\Commands\Server\rewrite.php(43): require_once('C:\\xampp\\htdocs...')
#10 {main}
CRITICAL - 2022-07-01 04:05:53 --> Invalid file: rt/index.php
#0 C:\xampp\htdocs\UASciFara\ci4\system\View\View.php(198): CodeIgniter\Exceptions\FrameworkException::forInvalidFile('rt/index.php')
#1 C:\xampp\htdocs\UASciFara\ci4\system\Common.php(1089): CodeIgniter\View\View->render('rt/index', Array, true)
#2 C:\xampp\htdocs\UASciFara\ci4\app\Controllers\Data_Warga.php(14): view('rt/index', Array)
#3 C:\xampp\htdocs\UASciFara\ci4\system\CodeIgniter.php(832): App\Controllers\Data_Warga->index()
#4 C:\xampp\htdocs\UASciFara\ci4\system\CodeIgniter.php(419): CodeIgniter\CodeIgniter->runController(Object(App\Controllers\Data_Warga))
#5 C:\xampp\htdocs\UASciFara\ci4\system\CodeIgniter.php(326): CodeIgniter\CodeIgniter->handleRequest(NULL, Object(Config\Cache), false)
#6 C:\xampp\htdocs\UASciFara\ci4\public\index.php(37): CodeIgniter\CodeIgniter->run()
#7 C:\xampp\htdocs\UASciFara\ci4\system\Commands\Server\rewrite.php(43): require_once('C:\\xampp\\htdocs...')
#8 {main}
CRITICAL - 2022-07-01 04:11:52 --> Invalid file: rt/index.php
#0 C:\xampp\htdocs\UASciFara\ci4\system\View\View.php(198): CodeIgniter\Exceptions\FrameworkException::forInvalidFile('rt/index.php')
#1 C:\xampp\htdocs\UASciFara\ci4\system\Common.php(1089): CodeIgniter\View\View->render('rt/index', Array, true)
#2 C:\xampp\htdocs\UASciFara\ci4\app\Controllers\Data_Warga.php(14): view('rt/index', Array)
#3 C:\xampp\htdocs\UASciFara\ci4\system\CodeIgniter.php(832): App\Controllers\Data_Warga->index()
#4 C:\xampp\htdocs\UASciFara\ci4\system\CodeIgniter.php(419): CodeIgniter\CodeIgniter->runController(Object(App\Controllers\Data_Warga))
#5 C:\xampp\htdocs\UASciFara\ci4\system\CodeIgniter.php(326): CodeIgniter\CodeIgniter->handleRequest(NULL, Object(Config\Cache), false)
#6 C:\xampp\htdocs\UASciFara\ci4\public\index.php(37): CodeIgniter\CodeIgniter->run()
#7 C:\xampp\htdocs\UASciFara\ci4\system\Commands\Server\rewrite.php(43): require_once('C:\\xampp\\htdocs...')
#8 {main}
CRITICAL - 2022-07-01 04:11:55 --> Invalid file: rt/index.php
#0 C:\xampp\htdocs\UASciFara\ci4\system\View\View.php(198): CodeIgniter\Exceptions\FrameworkException::forInvalidFile('rt/index.php')
#1 C:\xampp\htdocs\UASciFara\ci4\system\Common.php(1089): CodeIgniter\View\View->render('rt/index', Array, true)
#2 C:\xampp\htdocs\UASciFara\ci4\app\Controllers\Data_Warga.php(14): view('rt/index', Array)
#3 C:\xampp\htdocs\UASciFara\ci4\system\CodeIgniter.php(832): App\Controllers\Data_Warga->index()
#4 C:\xampp\htdocs\UASciFara\ci4\system\CodeIgniter.php(419): CodeIgniter\CodeIgniter->runController(Object(App\Controllers\Data_Warga))
#5 C:\xampp\htdocs\UASciFara\ci4\system\CodeIgniter.php(326): CodeIgniter\CodeIgniter->handleRequest(NULL, Object(Config\Cache), false)
#6 C:\xampp\htdocs\UASciFara\ci4\public\index.php(37): CodeIgniter\CodeIgniter->run()
#7 C:\xampp\htdocs\UASciFara\ci4\system\Commands\Server\rewrite.php(43): require_once('C:\\xampp\\htdocs...')
#8 {main}
CRITICAL - 2022-07-01 04:11:57 --> Invalid file: rt/index.php
#0 C:\xampp\htdocs\UASciFara\ci4\system\View\View.php(198): CodeIgniter\Exceptions\FrameworkException::forInvalidFile('rt/index.php')
#1 C:\xampp\htdocs\UASciFara\ci4\system\Common.php(1089): CodeIgniter\View\View->render('rt/index', Array, true)
#2 C:\xampp\htdocs\UASciFara\ci4\app\Controllers\Data_Warga.php(14): view('rt/index', Array)
#3 C:\xampp\htdocs\UASciFara\ci4\system\CodeIgniter.php(832): App\Controllers\Data_Warga->index()
#4 C:\xampp\htdocs\UASciFara\ci4\system\CodeIgniter.php(419): CodeIgniter\CodeIgniter->runController(Object(App\Controllers\Data_Warga))
#5 C:\xampp\htdocs\UASciFara\ci4\system\CodeIgniter.php(326): CodeIgniter\CodeIgniter->handleRequest(NULL, Object(Config\Cache), false)
#6 C:\xampp\htdocs\UASciFara\ci4\public\index.php(37): CodeIgniter\CodeIgniter->run()
#7 C:\xampp\htdocs\UASciFara\ci4\system\Commands\Server\rewrite.php(43): require_once('C:\\xampp\\htdocs...')
#8 {main}
CRITICAL - 2022-07-01 04:12:00 --> Invalid file: rt/index.php
#0 C:\xampp\htdocs\UASciFara\ci4\system\View\View.php(198): CodeIgniter\Exceptions\FrameworkException::forInvalidFile('rt/index.php')
#1 C:\xampp\htdocs\UASciFara\ci4\system\Common.php(1089): CodeIgniter\View\View->render('rt/index', Array, true)
#2 C:\xampp\htdocs\UASciFara\ci4\app\Controllers\Data_Warga.php(14): view('rt/index', Array)
#3 C:\xampp\htdocs\UASciFara\ci4\system\CodeIgniter.php(832): App\Controllers\Data_Warga->index()
#4 C:\xampp\htdocs\UASciFara\ci4\system\CodeIgniter.php(419): CodeIgniter\CodeIgniter->runController(Object(App\Controllers\Data_Warga))
#5 C:\xampp\htdocs\UASciFara\ci4\system\CodeIgniter.php(326): CodeIgniter\CodeIgniter->handleRequest(NULL, Object(Config\Cache), false)
#6 C:\xampp\htdocs\UASciFara\ci4\public\index.php(37): CodeIgniter\CodeIgniter->run()
#7 C:\xampp\htdocs\UASciFara\ci4\system\Commands\Server\rewrite.php(43): require_once('C:\\xampp\\htdocs...')
#8 {main}
CRITICAL - 2022-07-01 04:18:19 --> Invalid file: rt/index.php
#0 C:\xampp\htdocs\UASciFara\ci4\system\View\View.php(198): CodeIgniter\Exceptions\FrameworkException::forInvalidFile('rt/index.php')
#1 C:\xampp\htdocs\UASciFara\ci4\system\Common.php(1089): CodeIgniter\View\View->render('rt/index', Array, true)
#2 C:\xampp\htdocs\UASciFara\ci4\app\Controllers\Data_Warga.php(14): view('rt/index', Array)
#3 C:\xampp\htdocs\UASciFara\ci4\system\CodeIgniter.php(832): App\Controllers\Data_Warga->index()
#4 C:\xampp\htdocs\UASciFara\ci4\system\CodeIgniter.php(419): CodeIgniter\CodeIgniter->runController(Object(App\Controllers\Data_Warga))
#5 C:\xampp\htdocs\UASciFara\ci4\system\CodeIgniter.php(326): CodeIgniter\CodeIgniter->handleRequest(NULL, Object(Config\Cache), false)
#6 C:\xampp\htdocs\UASciFara\ci4\public\index.php(37): CodeIgniter\CodeIgniter->run()
#7 C:\xampp\htdocs\UASciFara\ci4\system\Commands\Server\rewrite.php(43): require_once('C:\\xampp\\htdocs...')
#8 {main}
CRITICAL - 2022-07-01 04:18:22 --> Invalid file: rt/index.php
#0 C:\xampp\htdocs\UASciFara\ci4\system\View\View.php(198): CodeIgniter\Exceptions\FrameworkException::forInvalidFile('rt/index.php')
#1 C:\xampp\htdocs\UASciFara\ci4\system\Common.php(1089): CodeIgniter\View\View->render('rt/index', Array, true)
#2 C:\xampp\htdocs\UASciFara\ci4\app\Controllers\Data_Warga.php(14): view('rt/index', Array)
#3 C:\xampp\htdocs\UASciFara\ci4\system\CodeIgniter.php(832): App\Controllers\Data_Warga->index()
#4 C:\xampp\htdocs\UASciFara\ci4\system\CodeIgniter.php(419): CodeIgniter\CodeIgniter->runController(Object(App\Controllers\Data_Warga))
#5 C:\xampp\htdocs\UASciFara\ci4\system\CodeIgniter.php(326): CodeIgniter\CodeIgniter->handleRequest(NULL, Object(Config\Cache), false)
#6 C:\xampp\htdocs\UASciFara\ci4\public\index.php(37): CodeIgniter\CodeIgniter->run()
#7 C:\xampp\htdocs\UASciFara\ci4\system\Commands\Server\rewrite.php(43): require_once('C:\\xampp\\htdocs...')
#8 {main}
CRITICAL - 2022-07-01 04:19:28 --> Invalid file: rt/index.php
#0 C:\xampp\htdocs\UASciFara\ci4\system\View\View.php(198): CodeIgniter\Exceptions\FrameworkException::forInvalidFile('rt/index.php')
#1 C:\xampp\htdocs\UASciFara\ci4\system\Common.php(1089): CodeIgniter\View\View->render('rt/index', Array, true)
#2 C:\xampp\htdocs\UASciFara\ci4\app\Controllers\Data_Warga.php(14): view('rt/index', Array)
#3 C:\xampp\htdocs\UASciFara\ci4\system\CodeIgniter.php(832): App\Controllers\Data_Warga->index()
#4 C:\xampp\htdocs\UASciFara\ci4\system\CodeIgniter.php(419): CodeIgniter\CodeIgniter->runController(Object(App\Controllers\Data_Warga))
#5 C:\xampp\htdocs\UASciFara\ci4\system\CodeIgniter.php(326): CodeIgniter\CodeIgniter->handleRequest(NULL, Object(Config\Cache), false)
#6 C:\xampp\htdocs\UASciFara\ci4\public\index.php(37): CodeIgniter\CodeIgniter->run()
#7 {main}
CRITICAL - 2022-07-01 04:19:40 --> Invalid file: rt/index.php
#0 C:\xampp\htdocs\UASciFara\ci4\system\View\View.php(198): CodeIgniter\Exceptions\FrameworkException::forInvalidFile('rt/index.php')
#1 C:\xampp\htdocs\UASciFara\ci4\system\Common.php(1089): CodeIgniter\View\View->render('rt/index', Array, true)
#2 C:\xampp\htdocs\UASciFara\ci4\app\Controllers\Data_Warga.php(14): view('rt/index', Array)
#3 C:\xampp\htdocs\UASciFara\ci4\system\CodeIgniter.php(832): App\Controllers\Data_Warga->index()
#4 C:\xampp\htdocs\UASciFara\ci4\system\CodeIgniter.php(419): CodeIgniter\CodeIgniter->runController(Object(App\Controllers\Data_Warga))
#5 C:\xampp\htdocs\UASciFara\ci4\system\CodeIgniter.php(326): CodeIgniter\CodeIgniter->handleRequest(NULL, Object(Config\Cache), false)
#6 C:\xampp\htdocs\UASciFara\ci4\public\index.php(37): CodeIgniter\CodeIgniter->run()
#7 C:\xampp\htdocs\UASciFara\ci4\system\Commands\Server\rewrite.php(43): require_once('C:\\xampp\\htdocs...')
#8 {main}
CRITICAL - 2022-07-01 04:21:37 --> Invalid file: rt/index.php
#0 C:\xampp\htdocs\UASciFara\ci4\system\View\View.php(198): CodeIgniter\Exceptions\FrameworkException::forInvalidFile('rt/index.php')
#1 C:\xampp\htdocs\UASciFara\ci4\system\Common.php(1089): CodeIgniter\View\View->render('rt/index', Array, true)
#2 C:\xampp\htdocs\UASciFara\ci4\app\Controllers\Data_Warga.php(14): view('rt/index', Array)
#3 C:\xampp\htdocs\UASciFara\ci4\system\CodeIgniter.php(832): App\Controllers\Data_Warga->index()
#4 C:\xampp\htdocs\UASciFara\ci4\system\CodeIgniter.php(419): CodeIgniter\CodeIgniter->runController(Object(App\Controllers\Data_Warga))
#5 C:\xampp\htdocs\UASciFara\ci4\system\CodeIgniter.php(326): CodeIgniter\CodeIgniter->handleRequest(NULL, Object(Config\Cache), false)
#6 C:\xampp\htdocs\UASciFara\ci4\public\index.php(37): CodeIgniter\CodeIgniter->run()
#7 C:\xampp\htdocs\UASciFara\ci4\system\Commands\Server\rewrite.php(43): require_once('C:\\xampp\\htdocs...')
#8 {main}
CRITICAL - 2022-07-01 04:22:28 --> Invalid file: rt/index.php
#0 C:\xampp\htdocs\UASciFara\ci4\system\View\View.php(198): CodeIgniter\Exceptions\FrameworkException::forInvalidFile('rt/index.php')
#1 C:\xampp\htdocs\UASciFara\ci4\system\Common.php(1089): CodeIgniter\View\View->render('rt/index', Array, true)
#2 C:\xampp\htdocs\UASciFara\ci4\app\Controllers\Data_Warga.php(14): view('rt/index', Array)
#3 C:\xampp\htdocs\UASciFara\ci4\system\CodeIgniter.php(832): App\Controllers\Data_Warga->index()
#4 C:\xampp\htdocs\UASciFara\ci4\system\CodeIgniter.php(419): CodeIgniter\CodeIgniter->runController(Object(App\Controllers\Data_Warga))
#5 C:\xampp\htdocs\UASciFara\ci4\system\CodeIgniter.php(326): CodeIgniter\CodeIgniter->handleRequest(NULL, Object(Config\Cache), false)
#6 C:\xampp\htdocs\UASciFara\ci4\public\index.php(37): CodeIgniter\CodeIgniter->run()
#7 C:\xampp\htdocs\UASciFara\ci4\system\Commands\Server\rewrite.php(43): require_once('C:\\xampp\\htdocs...')
#8 {main}
CRITICAL - 2022-07-01 04:22:31 --> Invalid file: rt/index.php
#0 C:\xampp\htdocs\UASciFara\ci4\system\View\View.php(198): CodeIgniter\Exceptions\FrameworkException::forInvalidFile('rt/index.php')
#1 C:\xampp\htdocs\UASciFara\ci4\system\Common.php(1089): CodeIgniter\View\View->render('rt/index', Array, true)
#2 C:\xampp\htdocs\UASciFara\ci4\app\Controllers\Data_Warga.php(14): view('rt/index', Array)
#3 C:\xampp\htdocs\UASciFara\ci4\system\CodeIgniter.php(832): App\Controllers\Data_Warga->index()
#4 C:\xampp\htdocs\UASciFara\ci4\system\CodeIgniter.php(419): CodeIgniter\CodeIgniter->runController(Object(App\Controllers\Data_Warga))
#5 C:\xampp\htdocs\UASciFara\ci4\system\CodeIgniter.php(326): CodeIgniter\CodeIgniter->handleRequest(NULL, Object(Config\Cache), false)
#6 C:\xampp\htdocs\UASciFara\ci4\public\index.php(37): CodeIgniter\CodeIgniter->run()
#7 C:\xampp\htdocs\UASciFara\ci4\system\Commands\Server\rewrite.php(43): require_once('C:\\xampp\\htdocs...')
#8 {main}
CRITICAL - 2022-07-01 04:22:33 --> Invalid file: rt/index.php
#0 C:\xampp\htdocs\UASciFara\ci4\system\View\View.php(198): CodeIgniter\Exceptions\FrameworkException::forInvalidFile('rt/index.php')
#1 C:\xampp\htdocs\UASciFara\ci4\system\Common.php(1089): CodeIgniter\View\View->render('rt/index', Array, true)
#2 C:\xampp\htdocs\UASciFara\ci4\app\Controllers\Data_Warga.php(14): view('rt/index', Array)
#3 C:\xampp\htdocs\UASciFara\ci4\system\CodeIgniter.php(832): App\Controllers\Data_Warga->index()
#4 C:\xampp\htdocs\UASciFara\ci4\system\CodeIgniter.php(419): CodeIgniter\CodeIgniter->runController(Object(App\Controllers\Data_Warga))
#5 C:\xampp\htdocs\UASciFara\ci4\system\CodeIgniter.php(326): CodeIgniter\CodeIgniter->handleRequest(NULL, Object(Config\Cache), false)
#6 C:\xampp\htdocs\UASciFara\ci4\public\index.php(37): CodeIgniter\CodeIgniter->run()
#7 C:\xampp\htdocs\UASciFara\ci4\system\Commands\Server\rewrite.php(43): require_once('C:\\xampp\\htdocs...')
#8 {main}
CRITICAL - 2022-07-01 04:22:34 --> Invalid file: rt/index.php
#0 C:\xampp\htdocs\UASciFara\ci4\system\View\View.php(198): CodeIgniter\Exceptions\FrameworkException::forInvalidFile('rt/index.php')
#1 C:\xampp\htdocs\UASciFara\ci4\system\Common.php(1089): CodeIgniter\View\View->render('rt/index', Array, true)
#2 C:\xampp\htdocs\UASciFara\ci4\app\Controllers\Data_Warga.php(14): view('rt/index', Array)
#3 C:\xampp\htdocs\UASciFara\ci4\system\CodeIgniter.php(832): App\Controllers\Data_Warga->index()
#4 C:\xampp\htdocs\UASciFara\ci4\system\CodeIgniter.php(419): CodeIgniter\CodeIgniter->runController(Object(App\Controllers\Data_Warga))
#5 C:\xampp\htdocs\UASciFara\ci4\system\CodeIgniter.php(326): CodeIgniter\CodeIgniter->handleRequest(NULL, Object(Config\Cache), false)
#6 C:\xampp\htdocs\UASciFara\ci4\public\index.php(37): CodeIgniter\CodeIgniter->run()
#7 C:\xampp\htdocs\UASciFara\ci4\system\Commands\Server\rewrite.php(43): require_once('C:\\xampp\\htdocs...')
#8 {main}
CRITICAL - 2022-07-01 04:22:39 --> Invalid file: rt/index.php
#0 C:\xampp\htdocs\UASciFara\ci4\system\View\View.php(198): CodeIgniter\Exceptions\FrameworkException::forInvalidFile('rt/index.php')
#1 C:\xampp\htdocs\UASciFara\ci4\system\Common.php(1089): CodeIgniter\View\View->render('rt/index', Array, true)
#2 C:\xampp\htdocs\UASciFara\ci4\app\Controllers\Data_Warga.php(14): view('rt/index', Array)
#3 C:\xampp\htdocs\UASciFara\ci4\system\CodeIgniter.php(832): App\Controllers\Data_Warga->index()
#4 C:\xampp\htdocs\UASciFara\ci4\system\CodeIgniter.php(419): CodeIgniter\CodeIgniter->runController(Object(App\Controllers\Data_Warga))
#5 C:\xampp\htdocs\UASciFara\ci4\system\CodeIgniter.php(326): CodeIgniter\CodeIgniter->handleRequest(NULL, Object(Config\Cache), false)
#6 C:\xampp\htdocs\UASciFara\ci4\public\index.php(37): CodeIgniter\CodeIgniter->run()
#7 C:\xampp\htdocs\UASciFara\ci4\system\Commands\Server\rewrite.php(43): require_once('C:\\xampp\\htdocs...')
#8 {main}
CRITICAL - 2022-07-01 04:25:58 --> Invalid file: rt/index.php
#0 C:\xampp\htdocs\UASciFara\ci4\system\View\View.php(198): CodeIgniter\Exceptions\FrameworkException::forInvalidFile('rt/index.php')
#1 C:\xampp\htdocs\UASciFara\ci4\system\Common.php(1089): CodeIgniter\View\View->render('rt/index', Array, true)
#2 C:\xampp\htdocs\UASciFara\ci4\app\Controllers\Data_Warga.php(14): view('rt/index', Array)
#3 C:\xampp\htdocs\UASciFara\ci4\system\CodeIgniter.php(832): App\Controllers\Data_Warga->index()
#4 C:\xampp\htdocs\UASciFara\ci4\system\CodeIgniter.php(419): CodeIgniter\CodeIgniter->runController(Object(App\Controllers\Data_Warga))
#5 C:\xampp\htdocs\UASciFara\ci4\system\CodeIgniter.php(326): CodeIgniter\CodeIgniter->handleRequest(NULL, Object(Config\Cache), false)
#6 C:\xampp\htdocs\UASciFara\ci4\public\index.php(37): CodeIgniter\CodeIgniter->run()
#7 C:\xampp\htdocs\UASciFara\ci4\system\Commands\Server\rewrite.php(43): require_once('C:\\xampp\\htdocs...')
#8 {main}
CRITICAL - 2022-07-01 04:26:01 --> Invalid file: rt/index.php
#0 C:\xampp\htdocs\UASciFara\ci4\system\View\View.php(198): CodeIgniter\Exceptions\FrameworkException::forInvalidFile('rt/index.php')
#1 C:\xampp\htdocs\UASciFara\ci4\system\Common.php(1089): CodeIgniter\View\View->render('rt/index', Array, true)
#2 C:\xampp\htdocs\UASciFara\ci4\app\Controllers\Data_Warga.php(14): view('rt/index', Array)
#3 C:\xampp\htdocs\UASciFara\ci4\system\CodeIgniter.php(832): App\Controllers\Data_Warga->index()
#4 C:\xampp\htdocs\UASciFara\ci4\system\CodeIgniter.php(419): CodeIgniter\CodeIgniter->runController(Object(App\Controllers\Data_Warga))
#5 C:\xampp\htdocs\UASciFara\ci4\system\CodeIgniter.php(326): CodeIgniter\CodeIgniter->handleRequest(NULL, Object(Config\Cache), false)
#6 C:\xampp\htdocs\UASciFara\ci4\public\index.php(37): CodeIgniter\CodeIgniter->run()
#7 C:\xampp\htdocs\UASciFara\ci4\system\Commands\Server\rewrite.php(43): require_once('C:\\xampp\\htdocs...')
#8 {main}
CRITICAL - 2022-07-01 04:27:10 --> Invalid file: rt/index.php
#0 C:\xampp\htdocs\UASciFara\ci4\system\View\View.php(198): CodeIgniter\Exceptions\FrameworkException::forInvalidFile('rt/index.php')
#1 C:\xampp\htdocs\UASciFara\ci4\system\Common.php(1089): CodeIgniter\View\View->render('rt/index', Array, true)
#2 C:\xampp\htdocs\UASciFara\ci4\app\Controllers\Data_Warga.php(14): view('rt/index', Array)
#3 C:\xampp\htdocs\UASciFara\ci4\system\CodeIgniter.php(832): App\Controllers\Data_Warga->index()
#4 C:\xampp\htdocs\UASciFara\ci4\system\CodeIgniter.php(419): CodeIgniter\CodeIgniter->runController(Object(App\Controllers\Data_Warga))
#5 C:\xampp\htdocs\UASciFara\ci4\system\CodeIgniter.php(326): CodeIgniter\CodeIgniter->handleRequest(NULL, Object(Config\Cache), false)
#6 C:\xampp\htdocs\UASciFara\ci4\public\index.php(37): CodeIgniter\CodeIgniter->run()
#7 C:\xampp\htdocs\UASciFara\ci4\system\Commands\Server\rewrite.php(43): require_once('C:\\xampp\\htdocs...')
#8 {main}
CRITICAL - 2022-07-01 04:27:14 --> Invalid file: rt/index.php
#0 C:\xampp\htdocs\UASciFara\ci4\system\View\View.php(198): CodeIgniter\Exceptions\FrameworkException::forInvalidFile('rt/index.php')
#1 C:\xampp\htdocs\UASciFara\ci4\system\Common.php(1089): CodeIgniter\View\View->render('rt/index', Array, true)
#2 C:\xampp\htdocs\UASciFara\ci4\app\Controllers\Data_Warga.php(14): view('rt/index', Array)
#3 C:\xampp\htdocs\UASciFara\ci4\system\CodeIgniter.php(832): App\Controllers\Data_Warga->index()
#4 C:\xampp\htdocs\UASciFara\ci4\system\CodeIgniter.php(419): CodeIgniter\CodeIgniter->runController(Object(App\Controllers\Data_Warga))
#5 C:\xampp\htdocs\UASciFara\ci4\system\CodeIgniter.php(326): CodeIgniter\CodeIgniter->handleRequest(NULL, Object(Config\Cache), false)
#6 C:\xampp\htdocs\UASciFara\ci4\public\index.php(37): CodeIgniter\CodeIgniter->run()
#7 C:\xampp\htdocs\UASciFara\ci4\system\Commands\Server\rewrite.php(43): require_once('C:\\xampp\\htdocs...')
#8 {main}
CRITICAL - 2022-07-01 04:28:42 --> Invalid file: template/header.php
#0 C:\xampp\htdocs\UASciFara\ci4\system\View\View.php(198): CodeIgniter\Exceptions\FrameworkException::forInvalidFile('template/header...')
#1 C:\xampp\htdocs\UASciFara\ci4\system\View\View.php(424): CodeIgniter\View\View->render('template/header', NULL, true)
#2 C:\xampp\htdocs\UASciFara\ci4\app\Views\rt\index.php(1): CodeIgniter\View\View->include('template/header')
#3 C:\xampp\htdocs\UASciFara\ci4\system\View\View.php(210): include('C:\\xampp\\htdocs...')
#4 C:\xampp\htdocs\UASciFara\ci4\system\View\View.php(213): CodeIgniter\View\View->CodeIgniter\View\{closure}()
#5 C:\xampp\htdocs\UASciFara\ci4\system\Common.php(1089): CodeIgniter\View\View->render('rt/index', Array, true)
#6 C:\xampp\htdocs\UASciFara\ci4\app\Controllers\Data_Warga.php(14): view('rt/index', Array)
#7 C:\xampp\htdocs\UASciFara\ci4\system\CodeIgniter.php(832): App\Controllers\Data_Warga->index()
#8 C:\xampp\htdocs\UASciFara\ci4\system\CodeIgniter.php(419): CodeIgniter\CodeIgniter->runController(Object(App\Controllers\Data_Warga))
#9 C:\xampp\htdocs\UASciFara\ci4\system\CodeIgniter.php(326): CodeIgniter\CodeIgniter->handleRequest(NULL, Object(Config\Cache), false)
#10 C:\xampp\htdocs\UASciFara\ci4\public\index.php(37): CodeIgniter\CodeIgniter->run()
#11 C:\xampp\htdocs\UASciFara\ci4\system\Commands\Server\rewrite.php(43): require_once('C:\\xampp\\htdocs...')
#12 {main}
